{"/home/numbahs/Documents/cs554/my-calculator/calculator.js": {"path":"/home/numbahs/Documents/cs554/my-calculator/calculator.js","statementMap":{"0":{"start":{"line":1,"column":12},"end":{"line":5,"column":1}},"1":{"start":{"line":2,"column":2},"end":{"line":2,"column":68}},"2":{"start":{"line":2,"column":28},"end":{"line":2,"column":68}},"3":{"start":{"line":3,"column":2},"end":{"line":3,"column":68}},"4":{"start":{"line":3,"column":28},"end":{"line":3,"column":68}},"5":{"start":{"line":4,"column":2},"end":{"line":4,"column":15}},"6":{"start":{"line":7,"column":17},"end":{"line":11,"column":1}},"7":{"start":{"line":8,"column":2},"end":{"line":8,"column":68}},"8":{"start":{"line":8,"column":28},"end":{"line":8,"column":68}},"9":{"start":{"line":9,"column":2},"end":{"line":9,"column":68}},"10":{"start":{"line":9,"column":28},"end":{"line":9,"column":68}},"11":{"start":{"line":10,"column":2},"end":{"line":10,"column":15}},"12":{"start":{"line":13,"column":17},"end":{"line":17,"column":1}},"13":{"start":{"line":14,"column":2},"end":{"line":14,"column":68}},"14":{"start":{"line":14,"column":28},"end":{"line":14,"column":68}},"15":{"start":{"line":15,"column":2},"end":{"line":15,"column":68}},"16":{"start":{"line":15,"column":28},"end":{"line":15,"column":68}},"17":{"start":{"line":16,"column":2},"end":{"line":16,"column":15}},"18":{"start":{"line":19,"column":17},"end":{"line":23,"column":1}},"19":{"start":{"line":20,"column":2},"end":{"line":20,"column":68}},"20":{"start":{"line":20,"column":28},"end":{"line":20,"column":68}},"21":{"start":{"line":21,"column":2},"end":{"line":21,"column":68}},"22":{"start":{"line":21,"column":28},"end":{"line":21,"column":68}},"23":{"start":{"line":22,"column":2},"end":{"line":22,"column":15}},"24":{"start":{"line":25,"column":15},"end":{"line":29,"column":1}},"25":{"start":{"line":26,"column":2},"end":{"line":26,"column":68}},"26":{"start":{"line":26,"column":28},"end":{"line":26,"column":68}},"27":{"start":{"line":27,"column":2},"end":{"line":27,"column":68}},"28":{"start":{"line":27,"column":28},"end":{"line":27,"column":68}},"29":{"start":{"line":28,"column":2},"end":{"line":28,"column":15}},"30":{"start":{"line":31,"column":0},"end":{"line":37,"column":2}}},"fnMap":{"0":{"name":"(anonymous_0)","decl":{"start":{"line":1,"column":12},"end":{"line":1,"column":13}},"loc":{"start":{"line":1,"column":22},"end":{"line":5,"column":1}},"line":1},"1":{"name":"(anonymous_1)","decl":{"start":{"line":7,"column":17},"end":{"line":7,"column":18}},"loc":{"start":{"line":7,"column":33},"end":{"line":11,"column":1}},"line":7},"2":{"name":"(anonymous_2)","decl":{"start":{"line":13,"column":17},"end":{"line":13,"column":18}},"loc":{"start":{"line":13,"column":27},"end":{"line":17,"column":1}},"line":13},"3":{"name":"(anonymous_3)","decl":{"start":{"line":19,"column":17},"end":{"line":19,"column":18}},"loc":{"start":{"line":19,"column":27},"end":{"line":23,"column":1}},"line":19},"4":{"name":"(anonymous_4)","decl":{"start":{"line":25,"column":15},"end":{"line":25,"column":16}},"loc":{"start":{"line":25,"column":25},"end":{"line":29,"column":1}},"line":25}},"branchMap":{"0":{"loc":{"start":{"line":2,"column":2},"end":{"line":2,"column":68}},"type":"if","locations":[{"start":{"line":2,"column":2},"end":{"line":2,"column":68}},{"start":{"line":2,"column":2},"end":{"line":2,"column":68}}],"line":2},"1":{"loc":{"start":{"line":3,"column":2},"end":{"line":3,"column":68}},"type":"if","locations":[{"start":{"line":3,"column":2},"end":{"line":3,"column":68}},{"start":{"line":3,"column":2},"end":{"line":3,"column":68}}],"line":3},"2":{"loc":{"start":{"line":8,"column":2},"end":{"line":8,"column":68}},"type":"if","locations":[{"start":{"line":8,"column":2},"end":{"line":8,"column":68}},{"start":{"line":8,"column":2},"end":{"line":8,"column":68}}],"line":8},"3":{"loc":{"start":{"line":9,"column":2},"end":{"line":9,"column":68}},"type":"if","locations":[{"start":{"line":9,"column":2},"end":{"line":9,"column":68}},{"start":{"line":9,"column":2},"end":{"line":9,"column":68}}],"line":9},"4":{"loc":{"start":{"line":14,"column":2},"end":{"line":14,"column":68}},"type":"if","locations":[{"start":{"line":14,"column":2},"end":{"line":14,"column":68}},{"start":{"line":14,"column":2},"end":{"line":14,"column":68}}],"line":14},"5":{"loc":{"start":{"line":15,"column":2},"end":{"line":15,"column":68}},"type":"if","locations":[{"start":{"line":15,"column":2},"end":{"line":15,"column":68}},{"start":{"line":15,"column":2},"end":{"line":15,"column":68}}],"line":15},"6":{"loc":{"start":{"line":20,"column":2},"end":{"line":20,"column":68}},"type":"if","locations":[{"start":{"line":20,"column":2},"end":{"line":20,"column":68}},{"start":{"line":20,"column":2},"end":{"line":20,"column":68}}],"line":20},"7":{"loc":{"start":{"line":21,"column":2},"end":{"line":21,"column":68}},"type":"if","locations":[{"start":{"line":21,"column":2},"end":{"line":21,"column":68}},{"start":{"line":21,"column":2},"end":{"line":21,"column":68}}],"line":21},"8":{"loc":{"start":{"line":26,"column":2},"end":{"line":26,"column":68}},"type":"if","locations":[{"start":{"line":26,"column":2},"end":{"line":26,"column":68}},{"start":{"line":26,"column":2},"end":{"line":26,"column":68}}],"line":26},"9":{"loc":{"start":{"line":27,"column":2},"end":{"line":27,"column":68}},"type":"if","locations":[{"start":{"line":27,"column":2},"end":{"line":27,"column":68}},{"start":{"line":27,"column":2},"end":{"line":27,"column":68}}],"line":27}},"s":{"0":1,"1":3,"2":1,"3":2,"4":1,"5":1,"6":1,"7":3,"8":1,"9":2,"10":1,"11":1,"12":1,"13":3,"14":1,"15":2,"16":1,"17":1,"18":1,"19":3,"20":1,"21":2,"22":1,"23":1,"24":1,"25":3,"26":1,"27":2,"28":1,"29":1,"30":1},"f":{"0":3,"1":3,"2":3,"3":3,"4":3},"b":{"0":[1,2],"1":[1,1],"2":[1,2],"3":[1,1],"4":[1,2],"5":[1,1],"6":[1,2],"7":[1,1],"8":[1,2],"9":[1,1]},"_coverageSchema":"332fd63041d2c1bcb487cc26dd0d5f7d97098a6c","hash":"ed7b63d303f8633514c192f57267906495c83cce"}
}
