TN:
SF:/home/numbahs/Documents/cs554/my-calculator/calculator.js
FN:1,(anonymous_0)
FN:7,(anonymous_1)
FN:13,(anonymous_2)
FN:19,(anonymous_3)
FN:25,(anonymous_4)
FNF:5
FNH:5
FNDA:3,(anonymous_0)
FNDA:3,(anonymous_1)
FNDA:3,(anonymous_2)
FNDA:3,(anonymous_3)
FNDA:3,(anonymous_4)
DA:1,1
DA:2,3
DA:3,2
DA:4,1
DA:7,1
DA:8,3
DA:9,2
DA:10,1
DA:13,1
DA:14,3
DA:15,2
DA:16,1
DA:19,1
DA:20,3
DA:21,2
DA:22,1
DA:25,1
DA:26,3
DA:27,2
DA:28,1
DA:31,1
LF:21
LH:21
BRDA:2,0,0,1
BRDA:2,0,1,2
BRDA:3,1,0,1
BRDA:3,1,1,1
BRDA:8,2,0,1
BRDA:8,2,1,2
BRDA:9,3,0,1
BRDA:9,3,1,1
BRDA:14,4,0,1
BRDA:14,4,1,2
BRDA:15,5,0,1
BRDA:15,5,1,1
BRDA:20,6,0,1
BRDA:20,6,1,2
BRDA:21,7,0,1
BRDA:21,7,1,1
BRDA:26,8,0,1
BRDA:26,8,1,2
BRDA:27,9,0,1
BRDA:27,9,1,1
BRF:20
BRH:20
end_of_record
